<?xml version="1.0" encoding="UTF-8"?>
<testng-results ignored="0" total="1" passed="1" failed="0" skipped="0">
  <reporter-output>
  </reporter-output>
  <suite started-at="2026-06-26T04:52:57 PDT" name="Default suite" finished-at="2026-06-26T04:53:28 PDT" duration-ms="30770">
    <groups>
      <group name="cucumber">
        <method signature="AbstractTestNGCucumberTests.runScenario(io.cucumber.testng.PickleWrapper, io.cucumber.testng.FeatureWrapper)[pri:0, instance:Runner.JpetRunner@74e52303]" name="runScenario" class="io.cucumber.testng.AbstractTestNGCucumberTests"/>
      </group> <!-- cucumber -->
    </groups>
    <test started-at="2026-06-26T04:52:57 PDT" name="Default test" finished-at="2026-06-26T04:53:28 PDT" duration-ms="30770">
      <class name="Runner.JpetRunner">
        <test-method is-config="true" signature="setUpClass(org.testng.ITestContext)[pri:0, instance:Runner.JpetRunner@74e52303]" started-at="2026-06-26T04:52:57 PDT" name="setUpClass" finished-at="2026-06-26T04:52:58 PDT" duration-ms="820" status="PASS">
          <params>
            <param index="0">
              <value>
                <![CDATA[org.testng.TestRunner@602c4656]]>
              </value>
            </param>
          </params>
          <reporter-output>
          </reporter-output>
        </test-method> <!-- setUpClass -->
        <test-method signature="runScenario(io.cucumber.testng.PickleWrapper, io.cucumber.testng.FeatureWrapper)[pri:0, instance:Runner.JpetRunner@74e52303]" started-at="2026-06-26T04:52:58 PDT" name="runScenario" description="Runs Cucumber Scenarios" data-provider="scenarios" finished-at="2026-06-26T04:53:28 PDT" duration-ms="29866" status="PASS">
          <params>
            <param index="0">
              <value>
                <![CDATA["Sign in and do checkout"]]>
              </value>
            </param>
            <param index="1">
              <value>
                <![CDATA["Jpet store check out"]]>
              </value>
            </param>
          </params>
          <reporter-output>
          </reporter-output>
        </test-method> <!-- runScenario -->
        <test-method is-config="true" signature="tearDownClass()[pri:0, instance:Runner.JpetRunner@74e52303]" started-at="2026-06-26T04:53:28 PDT" name="tearDownClass" finished-at="2026-06-26T04:53:28 PDT" duration-ms="5" status="PASS">
          <reporter-output>
          </reporter-output>
        </test-method> <!-- tearDownClass -->
      </class> <!-- Runner.JpetRunner -->
    </test> <!-- Default test -->
  </suite> <!-- Default suite -->
</testng-results>
